<?xml version="1.0" encoding="UTF-8"?>
<!-- Generated by org.testng.reporters.JUnitXMLReporter -->
<testsuite ignored="2" hostname="Netaji" failures="0" tests="1" name="Default test" time="0.071" errors="0" timestamp="2022-09-09T19:24:17 IST">
  <testcase classname="com.practise.Test02" name="stringDiff" time="0.015"/>
  <testcase classname="com.practise.Test02" name="arrayPro" time="0.0">
    <ignored/>
  </testcase> <!-- arrayPro -->
  <testcase classname="com.practise.Test02" name="test02" time="0.0">
    <ignored/>
  </testcase> <!-- test02 -->
</testsuite> <!-- Default test -->
