<?xml version="1.0" encoding="UTF-8"?>
<testng-results ignored="2" total="3" passed="1" failed="0" skipped="0">
  <reporter-output>
  </reporter-output>
  <suite started-at="2022-09-09T19:24:17 IST" name="Default suite" finished-at="2022-09-09T19:24:17 IST" duration-ms="71">
    <groups>
    </groups>
    <test started-at="2022-09-09T19:24:17 IST" name="Default test" finished-at="2022-09-09T19:24:17 IST" duration-ms="71">
      <class name="com.practise.Test02">
        <test-method signature="stringDiff()[pri:0, instance:com.practise.Test02@6069db50]" started-at="2022-09-09T19:24:17 IST" name="stringDiff" finished-at="2022-09-09T19:24:17 IST" duration-ms="15" status="PASS">
          <reporter-output>
          </reporter-output>
        </test-method> <!-- stringDiff -->
      </class> <!-- com.practise.Test02 -->
    </test> <!-- Default test -->
  </suite> <!-- Default suite -->
</testng-results>
